0 info it worked if it ends with ok
1 verbose cli [ '/usr/local/bin/node',
1 verbose cli   '/usr/local/bin/npm',
1 verbose cli   'install',
1 verbose cli   '-g',
1 verbose cli   'csslint' ]
2 info using npm@2.15.8
3 info using node@v4.4.7
4 verbose install initial load of /usr/local/lib/package.json
5 verbose readDependencies loading dependencies from /usr/local/lib/package.json
6 silly cache add args [ 'csslint', null ]
7 verbose cache add spec csslint
8 silly cache add parsed spec Result {
8 silly cache add   raw: 'csslint',
8 silly cache add   scope: null,
8 silly cache add   name: 'csslint',
8 silly cache add   rawSpec: '',
8 silly cache add   spec: 'latest',
8 silly cache add   type: 'tag' }
9 silly addNamed csslint@latest
10 verbose addNamed "latest" is being treated as a dist-tag for csslint
11 info addNameTag [ 'csslint', 'latest' ]
12 silly mapToRegistry name csslint
13 silly mapToRegistry using default registry
14 silly mapToRegistry registry https://registry.npmjs.org/
15 silly mapToRegistry data Result {
15 silly mapToRegistry   raw: 'csslint',
15 silly mapToRegistry   scope: null,
15 silly mapToRegistry   name: 'csslint',
15 silly mapToRegistry   rawSpec: '',
15 silly mapToRegistry   spec: 'latest',
15 silly mapToRegistry   type: 'tag' }
16 silly mapToRegistry uri https://registry.npmjs.org/csslint
17 verbose addNameTag registry:https://registry.npmjs.org/csslint not in flight; fetching
18 verbose request uri https://registry.npmjs.org/csslint
19 verbose request no auth needed
20 info attempt registry request try #1 at 9:39:21 AM
21 verbose request id a7158bac19be0b14
22 http request GET https://registry.npmjs.org/csslint
23 http 200 https://registry.npmjs.org/csslint
24 verbose headers { server: 'nginx/1.10.1',
24 verbose headers   'content-type': 'application/json',
24 verbose headers   'last-modified': 'Sat, 21 Jan 2017 15:29:04 GMT',
24 verbose headers   etag: 'W/"58837e40-8b29"',
24 verbose headers   'content-encoding': 'gzip',
24 verbose headers   'cache-control': 'max-age=300',
24 verbose headers   'content-length': '5414',
24 verbose headers   'accept-ranges': 'bytes',
24 verbose headers   date: 'Fri, 27 Jan 2017 15:39:22 GMT',
24 verbose headers   via: '1.1 varnish',
24 verbose headers   age: '0',
24 verbose headers   connection: 'keep-alive',
24 verbose headers   'x-served-by': 'cache-dfw1834-DFW',
24 verbose headers   'x-cache': 'HIT',
24 verbose headers   'x-cache-hits': '1',
24 verbose headers   'x-timer': 'S1485531562.027464,VS0,VE194',
24 verbose headers   vary: 'Accept-Encoding' }
25 silly get cb [ 200,
25 silly get   { server: 'nginx/1.10.1',
25 silly get     'content-type': 'application/json',
25 silly get     'last-modified': 'Sat, 21 Jan 2017 15:29:04 GMT',
25 silly get     etag: 'W/"58837e40-8b29"',
25 silly get     'content-encoding': 'gzip',
25 silly get     'cache-control': 'max-age=300',
25 silly get     'content-length': '5414',
25 silly get     'accept-ranges': 'bytes',
25 silly get     date: 'Fri, 27 Jan 2017 15:39:22 GMT',
25 silly get     via: '1.1 varnish',
25 silly get     age: '0',
25 silly get     connection: 'keep-alive',
25 silly get     'x-served-by': 'cache-dfw1834-DFW',
25 silly get     'x-cache': 'HIT',
25 silly get     'x-cache-hits': '1',
25 silly get     'x-timer': 'S1485531562.027464,VS0,VE194',
25 silly get     vary: 'Accept-Encoding' } ]
26 verbose get saving csslint to /Users/user/.npm/registry.npmjs.org/csslint/.cache.json
27 verbose correctMkdir /Users/user/.npm correctMkdir not in flight; initializing
28 silly addNameTag next cb for csslint with tag latest
29 silly addNamed csslint@1.0.5
30 verbose addNamed "1.0.5" is a plain semver version for csslint
31 silly mapToRegistry name csslint
32 silly mapToRegistry using default registry
33 silly mapToRegistry registry https://registry.npmjs.org/
34 silly mapToRegistry data Result {
34 silly mapToRegistry   raw: 'csslint',
34 silly mapToRegistry   scope: null,
34 silly mapToRegistry   name: 'csslint',
34 silly mapToRegistry   rawSpec: '',
34 silly mapToRegistry   spec: 'latest',
34 silly mapToRegistry   type: 'tag' }
35 silly mapToRegistry uri https://registry.npmjs.org/csslint
36 verbose addRemoteTarball https://registry.npmjs.org/csslint/-/csslint-1.0.5.tgz not in flight; adding
37 verbose addRemoteTarball [ 'https://registry.npmjs.org/csslint/-/csslint-1.0.5.tgz',
37 verbose addRemoteTarball   '19cc3eda322160fd3f7232af1cb2a360e898a2e9' ]
38 info retry fetch attempt 1 at 9:39:22 AM
39 info attempt registry request try #1 at 9:39:22 AM
40 http fetch GET https://registry.npmjs.org/csslint/-/csslint-1.0.5.tgz
41 http fetch 200 https://registry.npmjs.org/csslint/-/csslint-1.0.5.tgz
42 silly fetchAndShaCheck shasum 19cc3eda322160fd3f7232af1cb2a360e898a2e9
43 verbose addTmpTarball /var/folders/96/w6yt3r0x3fx1z3zq408sbtkw0000gn/T/npm-54881-53ab1f66/registry.npmjs.org/csslint/-/csslint-1.0.5.tgz not in flight; adding
44 verbose addTmpTarball already have metadata; skipping unpack for csslint@1.0.5
45 verbose correctMkdir /Users/user/.npm correctMkdir not in flight; initializing
46 silly cache afterAdd csslint@1.0.5
47 verbose afterAdd /Users/user/.npm/csslint/1.0.5/package/package.json not in flight; writing
48 verbose correctMkdir /Users/user/.npm correctMkdir not in flight; initializing
49 verbose afterAdd /Users/user/.npm/csslint/1.0.5/package/package.json written
50 silly install resolved [ { name: 'csslint',
50 silly install resolved     version: '1.0.5',
50 silly install resolved     description: 'CSSLint',
50 silly install resolved     author: { name: 'Nicole Sullivan' },
50 silly install resolved     contributors: [ [Object] ],
50 silly install resolved     homepage: 'http://csslint.net/',
50 silly install resolved     repository:
50 silly install resolved      { type: 'git',
50 silly install resolved        url: 'git+https://github.com/CSSLint/csslint.git' },
50 silly install resolved     bugs: { url: 'https://github.com/CSSLint/csslint/issues' },
50 silly install resolved     license: 'MIT',
50 silly install resolved     main: './dist/csslint-node.js',
50 silly install resolved     bin: { csslint: './dist/cli.js' },
50 silly install resolved     scripts: { test: 'grunt test' },
50 silly install resolved     dependencies: { clone: '~2.1.0', parserlib: '~1.1.1' },
50 silly install resolved     devDependencies:
50 silly install resolved      { grunt: '~1.0.1',
50 silly install resolved        'grunt-contrib-clean': '~1.0.0',
50 silly install resolved        'grunt-contrib-concat': '~1.0.0',
50 silly install resolved        'grunt-contrib-jshint': '~1.1.0',
50 silly install resolved        'grunt-contrib-watch': '~1.0.0',
50 silly install resolved        'grunt-include-replace': '~5.0.0',
50 silly install resolved        'load-grunt-tasks': '~3.5.0',
50 silly install resolved        'time-grunt': '~1.4.0',
50 silly install resolved        yuitest: '~0.7.9' },
50 silly install resolved     engines: { node: '>=0.10.0' },
50 silly install resolved     files:
50 silly install resolved      [ 'dist/cli.js',
50 silly install resolved        'dist/csslint-node.js',
50 silly install resolved        'dist/csslint.js',
50 silly install resolved        'CHANGELOG',
50 silly install resolved        'LICENSE' ],
50 silly install resolved     gitHead: 'f57c84cf8c202828ae024a4d3ea08f4adceb187a',
50 silly install resolved     _id: 'csslint@1.0.5',
50 silly install resolved     _shasum: '19cc3eda322160fd3f7232af1cb2a360e898a2e9',
50 silly install resolved     _from: 'csslint@latest',
50 silly install resolved     _npmVersion: '3.10.8',
50 silly install resolved     _nodeVersion: '6.9.1',
50 silly install resolved     _npmUser: { name: 'xhmikosr', email: 'xhmikosr@gmail.com' },
50 silly install resolved     dist:
50 silly install resolved      { shasum: '19cc3eda322160fd3f7232af1cb2a360e898a2e9',
50 silly install resolved        tarball: 'https://registry.npmjs.org/csslint/-/csslint-1.0.5.tgz' },
50 silly install resolved     maintainers: [ [Object], [Object], [Object], [Object], [Object] ],
50 silly install resolved     _npmOperationalInternal:
50 silly install resolved      { host: 'packages-12-west.internal.npmjs.com',
50 silly install resolved        tmp: 'tmp/csslint-1.0.5.tgz_1481014215090_0.6540599197614938' },
50 silly install resolved     directories: {},
50 silly install resolved     _resolved: 'https://registry.npmjs.org/csslint/-/csslint-1.0.5.tgz' } ]
51 info install csslint@1.0.5 into /usr/local/lib
52 info installOne csslint@1.0.5
53 verbose installOne of csslint to /usr/local/lib not in flight; installing
54 verbose correctMkdir /Users/user/.npm/_locks correctMkdir not in flight; initializing
55 verbose lock using /Users/user/.npm/_locks/csslint-18f2e779514c039c.lock for /usr/local/lib/node_modules/csslint
56 silly install write writing csslint 1.0.5 to /usr/local/lib/node_modules/csslint
57 verbose unbuild lib/node_modules/csslint
58 silly gentlyRm /usr/local/lib/node_modules/csslint is being purged from base /usr/local
59 verbose gentlyRm don't care about contents; nuking /usr/local/lib/node_modules/csslint
60 verbose tar unpack /Users/user/.npm/csslint/1.0.5/package.tgz
61 verbose tar unpacking to /usr/local/lib/node_modules/csslint
62 silly gentlyRm /usr/local/lib/node_modules/csslint is being purged
63 verbose gentlyRm don't care about contents; nuking /usr/local/lib/node_modules/csslint
64 silly gunzTarPerm modes [ '755', '644' ]
65 error tar.unpack untar error /Users/user/.npm/csslint/1.0.5/package.tgz
66 verbose unlock done using /Users/user/.npm/_locks/csslint-18f2e779514c039c.lock for /usr/local/lib/node_modules/csslint
67 verbose fstream_path /usr/local/lib/node_modules/csslint
68 verbose fstream_type Directory
69 verbose fstream_class DirWriter
70 verbose stack Error: EACCES: permission denied, mkdir '/usr/local/lib/node_modules/csslint'
70 verbose stack     at Error (native)
71 verbose fstream_stack /usr/local/lib/node_modules/npm/node_modules/fstream/lib/dir-writer.js:35:25
71 verbose fstream_stack /usr/local/lib/node_modules/npm/node_modules/mkdirp/index.js:47:53
71 verbose fstream_stack FSReqWrap.oncomplete (fs.js:82:15)
72 verbose cwd /Users/user/Lagggom/Messa/site
73 error Darwin 16.3.0
74 error argv "/usr/local/bin/node" "/usr/local/bin/npm" "install" "-g" "csslint"
75 error node v4.4.7
76 error npm  v2.15.8
77 error path /usr/local/lib/node_modules/csslint
78 error code EACCES
79 error errno -13
80 error syscall mkdir
81 error Error: EACCES: permission denied, mkdir '/usr/local/lib/node_modules/csslint'
81 error     at Error (native)
81 error  { [Error: EACCES: permission denied, mkdir '/usr/local/lib/node_modules/csslint']
81 error   errno: -13,
81 error   code: 'EACCES',
81 error   syscall: 'mkdir',
81 error   path: '/usr/local/lib/node_modules/csslint',
81 error   fstream_type: 'Directory',
81 error   fstream_path: '/usr/local/lib/node_modules/csslint',
81 error   fstream_class: 'DirWriter',
81 error   fstream_stack:
81 error    [ '/usr/local/lib/node_modules/npm/node_modules/fstream/lib/dir-writer.js:35:25',
81 error      '/usr/local/lib/node_modules/npm/node_modules/mkdirp/index.js:47:53',
81 error      'FSReqWrap.oncomplete (fs.js:82:15)' ] }
82 error Please try running this command again as root/Administrator.
83 verbose exit [ -13, true ]
84 verbose unbuild lib/node_modules/csslint
85 silly gentlyRm /usr/local/lib/node_modules/csslint is being purged from base /usr/local
86 verbose gentlyRm don't care about contents; nuking /usr/local/lib/node_modules/csslint
